\BOOKMARK [1][-]{section.1}{Project Drivers}{}% 1
\BOOKMARK [2][-]{subsection.1.1}{The Purpose of the Project}{section.1}% 2
\BOOKMARK [2][-]{subsection.1.2}{The Stakeholders}{section.1}% 3
\BOOKMARK [3][-]{subsubsection.1.2.1}{The Client}{subsection.1.2}% 4
\BOOKMARK [3][-]{subsubsection.1.2.2}{The Customers}{subsection.1.2}% 5
\BOOKMARK [3][-]{subsubsection.1.2.3}{Other Stakeholders}{subsection.1.2}% 6
\BOOKMARK [2][-]{subsection.1.3}{Mandated Constraints}{section.1}% 7
\BOOKMARK [3][-]{subsubsection.1.3.1}{Solution Constraints}{subsection.1.3}% 8
\BOOKMARK [3][-]{subsubsection.1.3.2}{Partner or Collaborative Applications}{subsection.1.3}% 9
\BOOKMARK [3][-]{subsubsection.1.3.3}{Off-the-shelf Software}{subsection.1.3}% 10
\BOOKMARK [3][-]{subsubsection.1.3.4}{Anticipated Workplace Environment}{subsection.1.3}% 11
\BOOKMARK [3][-]{subsubsection.1.3.5}{Schedule Constraints}{subsection.1.3}% 12
\BOOKMARK [3][-]{subsubsection.1.3.6}{Budget Constraints}{subsection.1.3}% 13
\BOOKMARK [2][-]{subsection.1.4}{Naming Conventions and Terminology}{section.1}% 14
\BOOKMARK [2][-]{subsection.1.5}{Relevant Facts and Assumptions}{section.1}% 15
\BOOKMARK [3][-]{subsubsection.1.5.1}{Relevant Facts}{subsection.1.5}% 16
\BOOKMARK [3][-]{subsubsection.1.5.2}{Assumptions}{subsection.1.5}% 17
\BOOKMARK [1][-]{section.2}{Functional Requirements}{}% 18
\BOOKMARK [2][-]{subsection.2.1}{The Scope of the Project and the Product}{section.2}% 19
\BOOKMARK [3][-]{subsubsection.2.1.1}{The Scope of the Project}{subsection.2.1}% 20
\BOOKMARK [3][-]{subsubsection.2.1.2}{Context of the Work}{subsection.2.1}% 21
\BOOKMARK [3][-]{subsubsection.2.1.3}{Work Partitioning}{subsection.2.1}% 22
\BOOKMARK [3][-]{subsubsection.2.1.4}{Use Case}{subsection.2.1}% 23
\BOOKMARK [2][-]{subsection.2.2}{Functional Requirements}{section.2}% 24
\BOOKMARK [3][-]{subsubsection.2.2.1}{Functional Requirements}{subsection.2.2}% 25
\BOOKMARK [1][-]{section.3}{Non-functional Requirements}{}% 26
\BOOKMARK [2][-]{subsection.3.1}{Look and Feel Requirements}{section.3}% 27
\BOOKMARK [3][-]{subsubsection.3.1.1}{Appearance Requirements}{subsection.3.1}% 28
\BOOKMARK [3][-]{subsubsection.3.1.2}{Style Requirements}{subsection.3.1}% 29
\BOOKMARK [2][-]{subsection.3.2}{Usability and Humanity Requirements}{section.3}% 30
\BOOKMARK [3][-]{subsubsection.3.2.1}{Ease of Use Requirements}{subsection.3.2}% 31
\BOOKMARK [3][-]{subsubsection.3.2.2}{Ease of Learning Requirements}{subsection.3.2}% 32
\BOOKMARK [2][-]{subsection.3.3}{Performance Requirements}{section.3}% 33
\BOOKMARK [3][-]{subsubsection.3.3.1}{Speed Requirements}{subsection.3.3}% 34
\BOOKMARK [3][-]{subsubsection.3.3.2}{Safety Critical Requirements}{subsection.3.3}% 35
\BOOKMARK [3][-]{subsubsection.3.3.3}{Precision Requirements}{subsection.3.3}% 36
\BOOKMARK [3][-]{subsubsection.3.3.4}{Reliability and Availability Requirements}{subsection.3.3}% 37
\BOOKMARK [3][-]{subsubsection.3.3.5}{Capacity Requriements}{subsection.3.3}% 38
\BOOKMARK [2][-]{subsection.3.4}{Operational and Environmental Requirements}{section.3}% 39
\BOOKMARK [3][-]{subsubsection.3.4.1}{Expected Physical Environment}{subsection.3.4}% 40
\BOOKMARK [3][-]{subsubsection.3.4.2}{Interfacing with Adjacent Systems}{subsection.3.4}% 41
\BOOKMARK [2][-]{subsection.3.5}{Maintainability and Support Requirements}{section.3}% 42
\BOOKMARK [3][-]{subsubsection.3.5.1}{Maintainability and Installability Requirements}{subsection.3.5}% 43
\BOOKMARK [2][-]{subsection.3.6}{Security Requirements}{section.3}% 44
\BOOKMARK [3][-]{subsubsection.3.6.1}{Access Requirements}{subsection.3.6}% 45
\BOOKMARK [3][-]{subsubsection.3.6.2}{Integrity Requirements}{subsection.3.6}% 46
\BOOKMARK [3][-]{subsubsection.3.6.3}{Privacy Requirements}{subsection.3.6}% 47
\BOOKMARK [3][-]{subsubsection.3.6.4}{Audit Requirements}{subsection.3.6}% 48
\BOOKMARK [3][-]{subsubsection.3.6.5}{Immunity Requirements}{subsection.3.6}% 49
\BOOKMARK [2][-]{subsection.3.7}{Cultural Requirements}{section.3}% 50
\BOOKMARK [2][-]{subsection.3.8}{Legal Requirements}{section.3}% 51
\BOOKMARK [2][-]{subsection.3.9}{Health and Safety Requirements}{section.3}% 52
\BOOKMARK [1][-]{section.4}{Project Issues}{}% 53
\BOOKMARK [2][-]{subsection.4.1}{Open Issues}{section.4}% 54
\BOOKMARK [2][-]{subsection.4.2}{Off-the-Shelf Solutions}{section.4}% 55
\BOOKMARK [2][-]{subsection.4.3}{New Problems}{section.4}% 56
\BOOKMARK [3][-]{subsubsection.4.3.1}{Effects on the Current Environment}{subsection.4.3}% 57
\BOOKMARK [3][-]{subsubsection.4.3.2}{Effects on Installed Systems}{subsection.4.3}% 58
\BOOKMARK [3][-]{subsubsection.4.3.3}{Potential User Problems}{subsection.4.3}% 59
\BOOKMARK [2][-]{subsection.4.4}{Tasks}{section.4}% 60
\BOOKMARK [2][-]{subsection.4.5}{Migration to the New Product}{section.4}% 61
\BOOKMARK [2][-]{subsection.4.6}{Risks}{section.4}% 62
\BOOKMARK [2][-]{subsection.4.7}{Costs}{section.4}% 63
\BOOKMARK [2][-]{subsection.4.8}{User Documentation and Training}{section.4}% 64
\BOOKMARK [2][-]{subsection.4.9}{Waiting Room}{section.4}% 65
\BOOKMARK [2][-]{subsection.4.10}{Ideas for Solutions}{section.4}% 66
